/usr # insmod timers_module.ko 
[   43.732529] timers_module: loading out-of-tree module taints kernel.
[   43.739943] === timers_module loaded ===
/usr # ls -la /sys/
block/     class/     devices/   fs/        module/
bus/       dev/       firmware/  kernel/    power/
/usr # ls -la /sys/kernel/t
timers_info/  tracing/
/usr # ls -la /sys/kernel/timers_info/
total 0
drwxr-xr-x    2 root     root             0 Jan  1 00:01 .
drwxr-xr-x   11 root     root             0 Jan  1 00:00 ..
-r--r--r--    1 root     root          4096 Jan  1 00:01 absolute_time
-r--r--r--    1 root     root          4096 Jan  1 00:01 relation_time
/usr # cat /sys/kernel/timers_info/relation_time 
show at first time!
/usr # cat /sys/kernel/timers_info/absolute_time 
show at first time!
/usr # cat /sys/kernel/timers_info/relation_time 
previous reading time relation: 30.582455920 seconds
/usr # cat /sys/kernel/timers_info/absolute_time 
previous reading time was at: 235.369830653 seconds
/usr # cat /sys/kernel/timers_info/absolute_time 
previous reading time was at: 265.518057906 seconds
/usr # cat /sys/kernel/timers_info/relation_time 
previous reading time relation: 64.63009716 seconds
