WARNING: quoted string split across lines
#157: FILE: memory_test_module.c:157:
+	pr_info("memory_test_module says: Lean back and "
+		"wait for memory allocation test results!\n\n");

WARNING: line over 80 characters
#163: FILE: memory_test_module.c:163:
+			"%s ********************************\n", m_names+method);

WARNING: quoted string split across lines
#163: FILE: memory_test_module.c:163:
+		pr_info("******************************** "
+			"%s ********************************\n", m_names+method);

WARNING: quoted string split across lines
#165: FILE: memory_test_module.c:165:
+		pr_info("x   alloc (min\tavr\tmax)\t|"
+			"   dealloc (min\tavr\tmax), ns\n");

WARNING: quoted string split across lines
#181: FILE: memory_test_module.c:181:
+			pr_info("%llu\t%llu\t%llu\t%llu\t|"
+				"\t%llu\t%llu\t%llu\n",

WARNING: line over 80 characters
#190: FILE: memory_test_module.c:190:
+			if (x != 0) {  //x = 0 -> size_1 = 2 (same as x = 1 -> size = 2)

WARNING: quoted string split across lines
#201: FILE: memory_test_module.c:201:
+				pr_info("%llu\t%llu\t%llu\t%llu\t|"
+			"\t%llu\t%llu\t%llu\n",

total: 0 errors, 7 warnings, 224 lines checked

NOTE: For some of the reported defects, checkpatch may be able to
      mechanically convert to the typical style using --fix or --fix-inplace.

memory_test_module.c has style problems, please review.

NOTE: If any of the errors are false positives, please report
      them to the maintainer, see CHECKPATCH in MAINTAINERS.
