/ # 
/ # i2cdetect -yr 2
     0  1  2  3  4  5  6  7  8  9  a  b  c  d  e  f
00:          -- -- -- -- -- -- -- -- -- -- -- -- -- 
10: -- -- -- -- -- -- -- -- -- -- -- -- -- -- -- -- 
20: -- -- -- -- -- -- -- -- -- -- -- -- -- -- -- -- 
30: -- -- -- -- -- -- -- -- -- -- -- -- -- -- -- -- 
40: -- -- -- -- -- -- -- -- -- -- -- -- -- -- -- -- 
50: -- -- -- -- -- -- -- UU -- -- -- -- -- -- -- -- 
60: -- -- -- -- -- -- -- -- 68 -- -- -- -- -- -- -- 
70: -- -- -- -- -- -- -- --                         
/ # 
/ # i2cdump -y -r 00h-06h 2 68 
i2cdump: invalid range
/ # i2cdump -y -r 00-06 2 68 
     0  1  2  3  4  5  6  7  8  9  a  b  c  d  e  f    0123456789abcdef
00: 42 37 14 05 18 03 21                               B7????!         
/ # 
/ # i2cset -y 2 0x68 0x0e 0x9c
/ #  i2cdump -y -r 00-16 2 68 
     0  1  2  3  4  5  6  7  8  9  a  b  c  d  e  f    0123456789abcdef
00: 59 46 17 05 25 83 21 00 00 00 00 00 00 00 9c 00    YF??%?!.......?.
10: 00                                                 .               
/ #  i2cdump -y -r 00-16 2 68 
     0  1  2  3  4  5  6  7  8  9  a  b  c  d  e  f    0123456789abcdef
00: 00 47 17 05 25 83 21 00 00 00 00 00 00 00 9c 00    .G??%?!.......?.
10: 00                                                 .               
/ #  i2cdump -y -r 00-16 2 68 
     0  1  2  3  4  5  6  7  8  9  a  b  c  d  e  f    0123456789abcdef
00: 02 47 17 05 25 83 21 00 00 00 00 00 00 00 9c 00    ?G??%?!.......?.
10: 00   
/ # 
/ # i2cset -y 2 0x68 0x0e 0x1c
/ #  i2cdump -y -r 00-16 2 68 
     0  1  2  3  4  5  6  7  8  9  a  b  c  d  e  f    0123456789abcdef
00: 01 59 17 05 25 83 21 00 00 00 00 00 00 00 1c 00    ?Y??%?!.......?.
10: 00                                                 .               
/ #  i2cdump -y -r 00-16 2 68 
     0  1  2  3  4  5  6  7  8  9  a  b  c  d  e  f    0123456789abcdef
00: 02 59 17 05 25 83 21 00 00 00 00 00 00 00 1c 00    ?Y??%?!.......?.
10: 00                                                 .               
/ #  i2cdump -y -r 00-16 2 68 
     0  1  2  3  4  5  6  7  8  9  a  b  c  d  e  f    0123456789abcdef
00: 02 59 17 05 25 83 21 00 00 00 00 00 00 00 1c 00    ?Y??%?!.......?.
10: 00                                                 .               
/ # 




